{
    "meta": {
        "version": "7.2.2",
        "timestamp": "2024-03-29T15:41:20.025329",
        "branch_coverage": false,
        "show_contexts": false
    },
    "files": {
        "C:\\Users\\zroy\\AppData\\Local\\miniconda3\\envs\\test_pandss\\Lib\\site-packages\\pandss\\__init__.py": {
            "executed_lines": [
                1,
                7,
                9,
                10,
                11,
                12,
                13,
                14,
                22,
                23,
                28
            ],
            "summary": {
                "covered_lines": 10,
                "num_statements": 12,
                "percent_covered": 83.33333333333333,
                "percent_covered_display": "83",
                "missing_lines": 2,
                "excluded_lines": 0
            },
            "missing_lines": [
                24,
                26
            ],
            "excluded_lines": []
        },
        "C:\\Users\\zroy\\AppData\\Local\\miniconda3\\envs\\test_pandss\\Lib\\site-packages\\pandss\\catalog.py": {
            "executed_lines": [
                1,
                2,
                3,
                5,
                7,
                10,
                16,
                17,
                33,
                35,
                36,
                45,
                46,
                47,
                48,
                49,
                53,
                54,
                55,
                57,
                59,
                60,
                62
            ],
            "summary": {
                "covered_lines": 22,
                "num_statements": 29,
                "percent_covered": 75.86206896551724,
                "percent_covered_display": "76",
                "missing_lines": 7,
                "excluded_lines": 0
            },
            "missing_lines": [
                37,
                38,
                39,
                40,
                50,
                56,
                64
            ],
            "excluded_lines": []
        },
        "C:\\Users\\zroy\\AppData\\Local\\miniconda3\\envs\\test_pandss\\Lib\\site-packages\\pandss\\dss.py": {
            "executed_lines": [
                1,
                2,
                3,
                5,
                6,
                7,
                8,
                9,
                10,
                13,
                14,
                37,
                39,
                40,
                41,
                42,
                45,
                46,
                47,
                49,
                52,
                53,
                68,
                69,
                70,
                71,
                72,
                74,
                75,
                79,
                80,
                81,
                82,
                83,
                85,
                86,
                87,
                88,
                89,
                91,
                92,
                94,
                100,
                101,
                102,
                103,
                104,
                105,
                106,
                107,
                112,
                117,
                118,
                120,
                125,
                129,
                130,
                131,
                138,
                140,
                150,
                151,
                153,
                154,
                156,
                157,
                159,
                160,
                162,
                163,
                165,
                170,
                172,
                173,
                175,
                177,
                178,
                180,
                182,
                183,
                184,
                186,
                187
            ],
            "summary": {
                "covered_lines": 82,
                "num_statements": 100,
                "percent_covered": 82.0,
                "percent_covered_display": "82",
                "missing_lines": 18,
                "excluded_lines": 0
            },
            "missing_lines": [
                43,
                44,
                50,
                90,
                114,
                126,
                133,
                137,
                141,
                142,
                144,
                158,
                161,
                171,
                174,
                176,
                179,
                188
            ],
            "excluded_lines": []
        },
        "C:\\Users\\zroy\\AppData\\Local\\miniconda3\\envs\\test_pandss\\Lib\\site-packages\\pandss\\engines\\__init__.py": {
            "executed_lines": [
                1,
                2,
                4,
                5,
                6,
                7,
                10,
                11,
                12,
                13,
                14,
                15,
                16,
                18,
                23,
                27,
                31,
                37,
                43,
                49,
                50,
                52,
                53,
                54,
                56,
                57,
                58,
                61,
                62,
                63,
                65,
                73,
                74,
                75,
                78,
                80
            ],
            "summary": {
                "covered_lines": 36,
                "num_statements": 47,
                "percent_covered": 76.59574468085107,
                "percent_covered_display": "77",
                "missing_lines": 11,
                "excluded_lines": 0
            },
            "missing_lines": [
                19,
                25,
                29,
                33,
                39,
                45,
                66,
                67,
                69,
                70,
                76
            ],
            "excluded_lines": []
        },
        "C:\\Users\\zroy\\AppData\\Local\\miniconda3\\envs\\test_pandss\\Lib\\site-packages\\pandss\\engines\\pydsstools_engine.py": {
            "executed_lines": [],
            "summary": {
                "covered_lines": 0,
                "num_statements": 68,
                "percent_covered": 0.0,
                "percent_covered_display": "0",
                "missing_lines": 68,
                "excluded_lines": 0
            },
            "missing_lines": [
                1,
                2,
                3,
                4,
                6,
                7,
                9,
                10,
                11,
                12,
                13,
                14,
                17,
                18,
                19,
                20,
                21,
                22,
                23,
                24,
                26,
                28,
                29,
                31,
                32,
                34,
                35,
                37,
                38,
                40,
                41,
                42,
                43,
                47,
                48,
                49,
                51,
                52,
                54,
                55,
                56,
                58,
                59,
                60,
                62,
                63,
                64,
                65,
                66,
                68,
                70,
                71,
                78,
                80,
                81,
                82,
                84,
                86,
                88,
                89,
                90,
                93,
                94,
                95,
                96,
                97,
                99,
                100
            ],
            "excluded_lines": []
        },
        "C:\\Users\\zroy\\AppData\\Local\\miniconda3\\envs\\test_pandss\\Lib\\site-packages\\pandss\\engines\\pyhecdss_engine.py": {
            "executed_lines": [
                1,
                2,
                3,
                5,
                6,
                8,
                9,
                10,
                11,
                13,
                14,
                17,
                18,
                19,
                20,
                21,
                22,
                23,
                24,
                25,
                28,
                29,
                31,
                33,
                37,
                39,
                40,
                42,
                43,
                45,
                46,
                48,
                49,
                50,
                51,
                55,
                56,
                57,
                59,
                60,
                62,
                63,
                66,
                67,
                68,
                72,
                73,
                76,
                77,
                79,
                80,
                81,
                83,
                85,
                86,
                87,
                91,
                92,
                94,
                98,
                102,
                104,
                105,
                107,
                108,
                109,
                110,
                112,
                113,
                115,
                117,
                119
            ],
            "summary": {
                "covered_lines": 72,
                "num_statements": 75,
                "percent_covered": 96.0,
                "percent_covered_display": "96",
                "missing_lines": 3,
                "excluded_lines": 0
            },
            "missing_lines": [
                64,
                111,
                116
            ],
            "excluded_lines": []
        },
        "C:\\Users\\zroy\\AppData\\Local\\miniconda3\\envs\\test_pandss\\Lib\\site-packages\\pandss\\errors.py": {
            "executed_lines": [
                1,
                2,
                4,
                7,
                8,
                10,
                13,
                14,
                16,
                19,
                20,
                22,
                25,
                26,
                28,
                31,
                32,
                34
            ],
            "summary": {
                "covered_lines": 12,
                "num_statements": 12,
                "percent_covered": 100.0,
                "percent_covered_display": "100",
                "missing_lines": 0,
                "excluded_lines": 0
            },
            "missing_lines": [],
            "excluded_lines": []
        },
        "C:\\Users\\zroy\\AppData\\Local\\miniconda3\\envs\\test_pandss\\Lib\\site-packages\\pandss\\paths.py": {
            "executed_lines": [
                1,
                2,
                3,
                4,
                5,
                7,
                9,
                12,
                21,
                28,
                31,
                37,
                38,
                40,
                41,
                42,
                43,
                44,
                45,
                47,
                48,
                49,
                50,
                53,
                54,
                56,
                58,
                59,
                60,
                61,
                63,
                64,
                66,
                69,
                70,
                71,
                73,
                74,
                75,
                77,
                78,
                80,
                81,
                83,
                84,
                86,
                89,
                95,
                96,
                100,
                102,
                103,
                105,
                106,
                107,
                109,
                117,
                118,
                120,
                121,
                123,
                124,
                127,
                128,
                132,
                133,
                137,
                138,
                142,
                145,
                148,
                151,
                152,
                155,
                156,
                157,
                158,
                163,
                164,
                165,
                166,
                167,
                168,
                169,
                173,
                174,
                176,
                179,
                180
            ],
            "summary": {
                "covered_lines": 87,
                "num_statements": 108,
                "percent_covered": 80.55555555555556,
                "percent_covered_display": "81",
                "missing_lines": 21,
                "excluded_lines": 0
            },
            "missing_lines": [
                22,
                23,
                26,
                51,
                52,
                67,
                104,
                108,
                110,
                111,
                125,
                129,
                130,
                134,
                135,
                139,
                140,
                143,
                146,
                149,
                153
            ],
            "excluded_lines": []
        },
        "C:\\Users\\zroy\\AppData\\Local\\miniconda3\\envs\\test_pandss\\Lib\\site-packages\\pandss\\quiet.py": {
            "executed_lines": [
                1,
                5,
                6,
                16,
                18,
                20,
                22,
                24,
                25,
                27,
                29,
                30,
                32,
                33,
                36,
                39,
                40,
                41,
                43
            ],
            "summary": {
                "covered_lines": 18,
                "num_statements": 18,
                "percent_covered": 100.0,
                "percent_covered_display": "100",
                "missing_lines": 0,
                "excluded_lines": 0
            },
            "missing_lines": [],
            "excluded_lines": []
        },
        "C:\\Users\\zroy\\AppData\\Local\\miniconda3\\envs\\test_pandss\\Lib\\site-packages\\pandss\\timeseries\\__init__.py": {
            "executed_lines": [
                1,
                2
            ],
            "summary": {
                "covered_lines": 2,
                "num_statements": 2,
                "percent_covered": 100.0,
                "percent_covered_display": "100",
                "missing_lines": 0,
                "excluded_lines": 0
            },
            "missing_lines": [],
            "excluded_lines": []
        },
        "C:\\Users\\zroy\\AppData\\Local\\miniconda3\\envs\\test_pandss\\Lib\\site-packages\\pandss\\timeseries\\interval.py": {
            "executed_lines": [
                1,
                2,
                3,
                4,
                6,
                9,
                10,
                14,
                15,
                17,
                18,
                21,
                22,
                28,
                48,
                51,
                52,
                53,
                61,
                63,
                64,
                65,
                66,
                70,
                71,
                72,
                74,
                75,
                76,
                77,
                79,
                80,
                81,
                82,
                84,
                85,
                86,
                87,
                89,
                92,
                93,
                95,
                98,
                99,
                100,
                101,
                121,
                122,
                124
            ],
            "summary": {
                "covered_lines": 47,
                "num_statements": 57,
                "percent_covered": 82.45614035087719,
                "percent_covered_display": "82",
                "missing_lines": 10,
                "excluded_lines": 0
            },
            "missing_lines": [
                23,
                67,
                73,
                90,
                96,
                102,
                103,
                113,
                118,
                119
            ],
            "excluded_lines": []
        },
        "C:\\Users\\zroy\\AppData\\Local\\miniconda3\\envs\\test_pandss\\Lib\\site-packages\\pandss\\timeseries\\period_type.py": {
            "executed_lines": [
                1,
                2,
                5,
                7,
                8,
                10
            ],
            "summary": {
                "covered_lines": 6,
                "num_statements": 7,
                "percent_covered": 85.71428571428571,
                "percent_covered_display": "86",
                "missing_lines": 1,
                "excluded_lines": 0
            },
            "missing_lines": [
                11
            ],
            "excluded_lines": []
        },
        "C:\\Users\\zroy\\AppData\\Local\\miniconda3\\envs\\test_pandss\\Lib\\site-packages\\pandss\\timeseries\\regular_timeseries.py": {
            "executed_lines": [
                1,
                2,
                3,
                5,
                6,
                7,
                9,
                10,
                13,
                18,
                19,
                26,
                27,
                28,
                29,
                30,
                31,
                33,
                34,
                35,
                37,
                40,
                41,
                43,
                44,
                46,
                47,
                49,
                50,
                51,
                52,
                53,
                55,
                57,
                58,
                60,
                62,
                64,
                69,
                70,
                71,
                72,
                76,
                78,
                79,
                80,
                81,
                82,
                83,
                85,
                86,
                87,
                88,
                90,
                91,
                92,
                93,
                94,
                95,
                96,
                98,
                106,
                108,
                109,
                110,
                111,
                112,
                114,
                115,
                116,
                117,
                123,
                124,
                126,
                128,
                129,
                130,
                131,
                132,
                133,
                134,
                137,
                143
            ],
            "summary": {
                "covered_lines": 82,
                "num_statements": 89,
                "percent_covered": 92.13483146067416,
                "percent_covered_display": "92",
                "missing_lines": 7,
                "excluded_lines": 0
            },
            "missing_lines": [
                38,
                45,
                48,
                54,
                65,
                73,
                113
            ],
            "excluded_lines": []
        },
        "C:\\Users\\zroy\\AppData\\Local\\miniconda3\\envs\\test_pandss\\Lib\\site-packages\\pandss\\utils.py": {
            "executed_lines": [
                1,
                2,
                4,
                5,
                6,
                7,
                8,
                11,
                24,
                25,
                28,
                44,
                45,
                48,
                72,
                73,
                76,
                100,
                101,
                103,
                105,
                110,
                111,
                114,
                140,
                141,
                142,
                143,
                144,
                145,
                146,
                150
            ],
            "summary": {
                "covered_lines": 32,
                "num_statements": 36,
                "percent_covered": 88.88888888888889,
                "percent_covered_display": "89",
                "missing_lines": 4,
                "excluded_lines": 0
            },
            "missing_lines": [
                102,
                104,
                106,
                147
            ],
            "excluded_lines": []
        }
    },
    "totals": {
        "covered_lines": 508,
        "num_statements": 660,
        "percent_covered": 76.96969696969697,
        "percent_covered_display": "77",
        "missing_lines": 152,
        "excluded_lines": 0
    }
}